[0m15:39:51.536361 [debug] [MainThread]: Sending event: {'category': 'dbt', 'action': 'invocation', 'label': 'start', 'context': [<snowplow_tracker.self_describing_json.SelfDescribingJson object at 0x7f536d110810>, <snowplow_tracker.self_describing_json.SelfDescribingJson object at 0x7f536d2f56d0>, <snowplow_tracker.self_describing_json.SelfDescribingJson object at 0x7f536d2b5850>]}


============================== 15:39:51.545286 | 5a311076-3550-43c1-b580-0020fd6ce59e ==============================
[0m15:39:51.545286 [info ] [MainThread]: Running with dbt=1.9.2
[0m15:39:51.546514 [debug] [MainThread]: running dbt with arguments {'printer_width': '80', 'indirect_selection': 'eager', 'log_cache_events': 'False', 'write_json': 'True', 'partial_parse': 'True', 'cache_selected_only': 'False', 'warn_error': 'None', 'debug': 'False', 'fail_fast': 'False', 'log_path': 'logs', 'version_check': 'True', 'profiles_dir': '/home/ervinlawata/.dbt', 'use_colors': 'True', 'use_experimental_parser': 'False', 'no_print': 'None', 'quiet': 'False', 'empty': 'None', 'log_format': 'default', 'invocation_command': 'dbt init', 'static_parser': 'True', 'warn_error_options': 'WarnErrorOptions(include=[], exclude=[])', 'target_path': 'None', 'introspect': 'True', 'send_anonymous_usage_stats': 'True'}
[0m15:40:07.094057 [debug] [MainThread]: Starter project path: /home/ervinlawata/miniconda3/envs/dbt-learn/lib/python3.11/site-packages/dbt/include/starter_project
[0m15:40:07.106813 [info ] [MainThread]: 
Your new dbt project "dbt_core_learn" was created!

For more information on how to configure the profiles.yml file,
please consult the dbt documentation here:

  https://docs.getdbt.com/docs/configure-your-profile

One more thing:

Need help? Don't hesitate to reach out to us via GitHub issues or on Slack:

  https://community.getdbt.com/

Happy modeling!

[0m15:40:07.107594 [info ] [MainThread]: Setting up your profile.
[0m15:41:01.620951 [info ] [MainThread]: Profile dbt_core_learn written to /home/ervinlawata/.dbt/profiles.yml using target's profile_template.yml and your supplied values. Run 'dbt debug' to validate the connection.
[0m15:41:01.629521 [debug] [MainThread]: Resource report: {"command_name": "init", "command_success": true, "command_wall_clock_time": 73.92006, "process_in_blocks": "57880", "process_kernel_time": 0.564664, "process_mem_max_rss": "94388", "process_out_blocks": "88", "process_user_time": 2.804183}
[0m15:41:01.631350 [debug] [MainThread]: Command `dbt init` succeeded at 15:41:01.630935 after 73.92 seconds
[0m15:41:01.633170 [debug] [MainThread]: Sending event: {'category': 'dbt', 'action': 'invocation', 'label': 'end', 'context': [<snowplow_tracker.self_describing_json.SelfDescribingJson object at 0x7f536d2b7090>, <snowplow_tracker.self_describing_json.SelfDescribingJson object at 0x7f536d6b5250>, <snowplow_tracker.self_describing_json.SelfDescribingJson object at 0x7f5370df9910>]}
[0m15:41:01.634917 [debug] [MainThread]: Flushing usage events
[0m15:41:02.883324 [debug] [MainThread]: An error was encountered while trying to flush usage events
[0m15:53:50.838636 [debug] [MainThread]: Sending event: {'category': 'dbt', 'action': 'invocation', 'label': 'start', 'context': [<snowplow_tracker.self_describing_json.SelfDescribingJson object at 0x7ff837723710>, <snowplow_tracker.self_describing_json.SelfDescribingJson object at 0x7ff8342fb710>, <snowplow_tracker.self_describing_json.SelfDescribingJson object at 0x7ff834946f10>]}


============================== 15:53:50.847007 | aa1820d9-78a7-45eb-9410-7182c27fdd67 ==============================
[0m15:53:50.847007 [info ] [MainThread]: Running with dbt=1.9.2
[0m15:53:50.848895 [debug] [MainThread]: running dbt with arguments {'printer_width': '80', 'indirect_selection': 'eager', 'log_cache_events': 'False', 'write_json': 'True', 'partial_parse': 'True', 'cache_selected_only': 'False', 'profiles_dir': '/home/ervinlawata/.dbt', 'fail_fast': 'False', 'warn_error': 'None', 'log_path': 'logs', 'debug': 'False', 'version_check': 'True', 'use_colors': 'True', 'use_experimental_parser': 'False', 'no_print': 'None', 'quiet': 'False', 'empty': 'None', 'warn_error_options': 'WarnErrorOptions(include=[], exclude=[])', 'invocation_command': 'dbt debug', 'introspect': 'True', 'log_format': 'default', 'target_path': 'None', 'static_parser': 'True', 'send_anonymous_usage_stats': 'True'}
[0m15:53:50.878130 [info ] [MainThread]: dbt version: 1.9.2
[0m15:53:50.879342 [info ] [MainThread]: python version: 3.11.11
[0m15:53:50.880898 [info ] [MainThread]: python path: /home/ervinlawata/miniconda3/envs/dbt-learn/bin/python
[0m15:53:50.882198 [info ] [MainThread]: os info: Linux-5.15.167.4-microsoft-standard-WSL2-x86_64-with-glibc2.39
[0m15:53:51.052080 [info ] [MainThread]: Using profiles dir at /home/ervinlawata/.dbt
[0m15:53:51.053262 [info ] [MainThread]: Using profiles.yml file at /home/ervinlawata/.dbt/profiles.yml
[0m15:53:51.054425 [info ] [MainThread]: Using dbt_project.yml file at /home/ervinlawata/dbt-core-demo/dbt_project.yml
[0m15:53:51.056885 [info ] [MainThread]: adapter type: postgres
[0m15:53:51.058016 [info ] [MainThread]: adapter version: 1.9.0
[0m15:53:51.058997 [info ] [MainThread]: Configuration:
[0m15:53:51.059821 [info ] [MainThread]:   profiles.yml file [[32mOK found and valid[0m]
[0m15:53:51.060871 [info ] [MainThread]:   dbt_project.yml file [[31mERROR not found[0m]
[0m15:53:51.061946 [info ] [MainThread]: Required dependencies:
[0m15:53:51.063438 [debug] [MainThread]: Executing "git --help"
[0m15:53:51.070716 [debug] [MainThread]: STDOUT: "b"usage: git [-v | --version] [-h | --help] [-C <path>] [-c <name>=<value>]\n           [--exec-path[=<path>]] [--html-path] [--man-path] [--info-path]\n           [-p | --paginate | -P | --no-pager] [--no-replace-objects] [--bare]\n           [--git-dir=<path>] [--work-tree=<path>] [--namespace=<name>]\n           [--config-env=<name>=<envvar>] <command> [<args>]\n\nThese are common Git commands used in various situations:\n\nstart a working area (see also: git help tutorial)\n   clone     Clone a repository into a new directory\n   init      Create an empty Git repository or reinitialize an existing one\n\nwork on the current change (see also: git help everyday)\n   add       Add file contents to the index\n   mv        Move or rename a file, a directory, or a symlink\n   restore   Restore working tree files\n   rm        Remove files from the working tree and from the index\n\nexamine the history and state (see also: git help revisions)\n   bisect    Use binary search to find the commit that introduced a bug\n   diff      Show changes between commits, commit and working tree, etc\n   grep      Print lines matching a pattern\n   log       Show commit logs\n   show      Show various types of objects\n   status    Show the working tree status\n\ngrow, mark and tweak your common history\n   branch    List, create, or delete branches\n   commit    Record changes to the repository\n   merge     Join two or more development histories together\n   rebase    Reapply commits on top of another base tip\n   reset     Reset current HEAD to the specified state\n   switch    Switch branches\n   tag       Create, list, delete or verify a tag object signed with GPG\n\ncollaborate (see also: git help workflows)\n   fetch     Download objects and refs from another repository\n   pull      Fetch from and integrate with another repository or a local branch\n   push      Update remote refs along with associated objects\n\n'git help -a' and 'git help -g' list available subcommands and some\nconcept guides. See 'git help <command>' or 'git help <concept>'\nto read about a specific subcommand or concept.\nSee 'git help git' for an overview of the system.\n""
[0m15:53:51.072093 [debug] [MainThread]: STDERR: "b''"
[0m15:53:51.072881 [info ] [MainThread]:  - git [[32mOK found[0m]

[0m15:53:51.074057 [info ] [MainThread]: Connection:
[0m15:53:51.075638 [info ] [MainThread]:   host: localhost
[0m15:53:51.076700 [info ] [MainThread]:   port: 5432
[0m15:53:51.077652 [info ] [MainThread]:   user: postgres
[0m15:53:51.079139 [info ] [MainThread]:   database: dbt
[0m15:53:51.080647 [info ] [MainThread]:   schema: public
[0m15:53:51.082002 [info ] [MainThread]:   connect_timeout: 10
[0m15:53:51.083656 [info ] [MainThread]:   role: None
[0m15:53:51.085389 [info ] [MainThread]:   search_path: None
[0m15:53:51.087102 [info ] [MainThread]:   keepalives_idle: 0
[0m15:53:51.088840 [info ] [MainThread]:   sslmode: None
[0m15:53:51.089753 [info ] [MainThread]:   sslcert: None
[0m15:53:51.090608 [info ] [MainThread]:   sslkey: None
[0m15:53:51.091544 [info ] [MainThread]:   sslrootcert: None
[0m15:53:51.092593 [info ] [MainThread]:   application_name: dbt
[0m15:53:51.093684 [info ] [MainThread]:   retries: 1
[0m15:53:51.095355 [info ] [MainThread]: Registered adapter: postgres=1.9.0
[0m15:53:51.292595 [debug] [MainThread]: Acquiring new postgres connection 'debug'
[0m15:53:51.404260 [debug] [MainThread]: Using postgres connection "debug"
[0m15:53:51.405296 [debug] [MainThread]: On debug: select 1 as id
[0m15:53:51.406607 [debug] [MainThread]: Opening a new connection, currently in state init
[0m15:53:51.448540 [debug] [MainThread]: SQL status: SELECT 1 in 0.042 seconds
[0m15:53:51.451390 [debug] [MainThread]: On debug: Close
[0m15:53:51.452537 [info ] [MainThread]:   Connection test: [[32mOK connection ok[0m]

[0m15:53:51.454006 [info ] [MainThread]: [31m1 check failed:[0m
[0m15:53:51.455579 [info ] [MainThread]: Project loading failed for the following reason:
 project path </home/ervinlawata/dbt-core-demo/dbt_project.yml> not found

[0m15:53:51.458563 [debug] [MainThread]: Resource report: {"command_name": "debug", "command_success": false, "command_wall_clock_time": 0.75803065, "process_in_blocks": "6160", "process_kernel_time": 0.555872, "process_mem_max_rss": "102896", "process_out_blocks": "32", "process_user_time": 3.287315}
[0m15:53:51.460285 [debug] [MainThread]: Command `dbt debug` failed at 15:53:51.459910 after 0.76 seconds
[0m15:53:51.461304 [debug] [MainThread]: Connection 'debug' was properly closed.
[0m15:53:51.462550 [debug] [MainThread]: Sending event: {'category': 'dbt', 'action': 'invocation', 'label': 'end', 'context': [<snowplow_tracker.self_describing_json.SelfDescribingJson object at 0x7ff8344a4510>, <snowplow_tracker.self_describing_json.SelfDescribingJson object at 0x7ff8344a7190>, <snowplow_tracker.self_describing_json.SelfDescribingJson object at 0x7ff8342fb490>]}
[0m15:53:51.464312 [debug] [MainThread]: Flushing usage events
[0m15:53:52.988458 [debug] [MainThread]: An error was encountered while trying to flush usage events
